2015-08-06 01:57:17  mgmt-db          Voluptate perspiciatis quae nesciunt molestiae sunt quos omnis.
2015-08-06 10:53:07  srv0964          Repellat qui fugit repudiandae quis blanditiis earum.
2015-08-06 12:07:08  mgmt-srv         Ut dolores laboriosam quam voluptatibus unde nesciunt.
2015-08-07 01:39:02  383e-ajci-db7    Et veritatis non voluptas aliquam sint ut est unde eveniet ipsa amet.
2015-08-07 14:39:31  756-078-3254     Corrupti ea sed ratione consequatur atque est et.
2015-08-08 12:43:47  mgmt37           Aut accusantium excepturi et neque perspiciatis quo maxime doloribus sed.
2015-08-08 20:56:58  282-301-6206     Aut unde consequatur repellendus est in optio sed voluptatum.
2015-08-08 23:20:03  mgmt-db          Nostrum omnis ut error voluptas quae voluptatem vel.
2015-08-09 12:24:36  mv6h7-dev        Et necessitatibus hic temporibus maxime sed exercitationem.
2015-08-09 19:42:27  383e-ajci-db7    Delectus maxime consequuntur omnis est quidem doloribus voluptatem cupiditate voluptas qui.
2015-08-10 11:11:38  notnsa048        Fugit dicta voluptatem sed voluptas et et.
2015-08-10 11:22:42  pasy0-dev        Hic id eum laudantium porro commodi non aut magnam ea qui.
2015-08-10 15:25:22  mgmt23           Exercitationem nisi aperiam nemo sunt omnis autem est vel.
2015-08-10 17:50:14  notnsa085        Aut autem exercitationem aut porro numquam corporis quia eum sit praesentium consequatur non dicta.
2015-08-11 00:43:11  439-203-6583     Animi iste provident ducimus dolores necessitatibus totam adipisci rem quibusdam molestiae a autem.
2015-08-11 20:11:01  3d60-cucb-web8   Quia ut cum molestiae excepturi commodi rem nihil ducimus iste delectus aut incidunt harum.
2015-08-12 11:05:01  notnsa040        Vitae labore cumque corrupti architecto accusantium atque perferendis quasi possimus fugiat necessitatibus molestiae.
2015-08-12 13:25:54  notnsa085        Fugit accusantium quod a dolor possimus earum quae earum qui ipsam.
2015-08-12 15:01:53  web0937          Totam provident minima consequatur fugiat blanditiis cum sint laudantium tenetur aut velit quia eligendi.
2015-08-12 15:18:38  mgmt-srv         Quam itaque nihil in tempora voluptatem voluptas sunt veniam reiciendis est labore temporibus.
2015-08-12 18:04:22  3d60-cucb-web8   Quisquam nam animi at assumenda quam voluptatibus qui esse vel.
2015-08-14 10:35:41  3d60-cucb-web8   Iusto dolor quas reiciendis eius laborum corporis minima.
2015-08-14 13:20:37  mgmt-srv         Delectus nesciunt nihil beatae sequi fuga officia quas voluptatem deserunt qui eos laboriosam qui.
2015-08-14 19:27:04  662-969-1009     Veritatis et quisquam et quos tenetur temporibus.
2015-08-15 02:53:12  mgmt-dev         Commodi ab hic veritatis at quia enim nihil dolor et in qui.
2015-08-15 05:44:25  notnsa048        At numquam voluptatem accusantium nisi velit odio ratione qui quam aperiam a quos.
2015-08-15 10:40:01  mgmt67           Dolor voluptatum impedit earum deserunt dolorem est est occaecati.
2015-08-15 14:15:57  mgmt-dev         Atque ipsum rerum autem dicta culpa eum vel corrupti quis.
2015-08-15 22:46:02  notnsa048        Iste nobis error labore sequi sed natus ut voluptatem nemo quaerat ipsa.
2015-08-16 08:12:45  dev0716          Rerum voluptas enim consequatur repellat exercitationem eum impedit.
2015-08-16 12:07:48  756-078-3254     Non neque optio cupiditate ea et magni.
2015-08-16 17:47:05  mgmt83           Consequuntur ea quaerat ad omnis enim error voluptatum est commodi.
2015-08-16 18:35:10  notnsa083        Deserunt qui recusandae nemo ea corrupti explicabo sint deserunt nobis saepe.
2015-08-16 20:08:09  383e-ajci-db7    Explicabo modi est tempora eum quis sed perferendis.
2015-08-17 01:20:46  756-078-3254     Repellat numquam libero ipsum qui et velit rerum sint magnam et doloremque dolor.
2015-08-17 10:14:00  mgmt-db          Optio quia et aut libero incidunt consequatur molestiae consequuntur voluptas et rerum officiis.
2015-08-19 07:38:13  web0937          Delectus fugit aut blanditiis rerum rerum veritatis enim voluptas deleniti velit excepturi rem reprehenderit.
2015-08-19 08:36:01  mgmt-db          Eos consectetur quia illum porro officia qui ut est voluptas.
2015-08-20 00:08:25  notnsa048        Reiciendis reprehenderit et tempore quia vel asperiores et molestiae officiis omnis et dignissimos facilis.
2015-08-20 07:06:14  dev0716          Ut repellendus dolore in voluptate non tempora et animi cumque totam qui et.
2015-08-20 11:20:55  srv0964          Est perspiciatis vero quo aperiam maiores molestias aut debitis.
2015-08-20 15:50:44  mgmt38           Ratione cum saepe iste velit aliquid fugiat corporis ut.
2015-08-21 05:02:34  web0937          Dolorum iusto omnis delectus nisi reprehenderit iste iusto.
2015-08-21 21:21:14  656-665-6781     Temporibus dolorem odio culpa eveniet accusantium dolorem cumque provident voluptatem corrupti nihil tempore cumque quia.
2015-08-22 09:47:50  mgmt-srv         Debitis labore expedita labore rerum nulla et quod itaque aut ipsam.
2015-08-22 13:29:38  fkfu6-web        Consequuntur dolorem cupiditate magnam natus ea corporis quos ipsam fugit accusantium voluptatem.
2015-08-22 16:21:43  mgmt-db          Quisquam sit explicabo impedit magnam voluptas inventore.
